生成启动时间为 2020/2/12 14:30:17。
     1>项目“D:\work\FFT\FFT_withtextture_change_share\FFT_withtextture_change_share\FFT_withtextture_change_share.vcxproj”在节点 2 上(Build 个目标)。
     1>AddCudaCompileDeps:
         D:\program file\Visual Studio\VC\bin\x86_amd64\cl.exe /E /nologo /showIncludes /TP /D__CUDACC__ /DWIN32 /DWIN64 /D_DEBUG /D_CONSOLE /D_MBCS /I"C:\Program Files\NVIDIA GPU Computing Toolkit\CUDA\v10.1\include" /I"C:\Program Files\NVIDIA GPU Computing Toolkit\CUDA\v10.1\bin" /I"C:\Program Files\NVIDIA GPU Computing Toolkit\CUDA\v10.1\include" /I. /FIcuda_runtime.h /c D:\work\FFT\FFT_withtextture_change_share\FFT_withtextture_change_share\sample.cu 
     1>项目“D:\work\FFT\FFT_withtextture_change_share\FFT_withtextture_change_share\FFT_withtextture_change_share.vcxproj”(1)正在节点 2 上生成“D:\work\FFT\FFT_withtextture_change_share\FFT_withtextture_change_share\FFT_withtextture_change_share.vcxproj”(1:2) (CudaBuildCore 个目标)。
     1>CudaBuildCore:
         Compiling CUDA source file sample.cu...
         cmd.exe /C "C:\Users\hp\AppData\Local\Temp\tmpbd5fe61ccf554b24ab72945f9f2cfa96.cmd"
         "C:\Program Files\NVIDIA GPU Computing Toolkit\CUDA\v10.1\bin\nvcc.exe" -gencode=arch=compute_35,code=\"sm_35,compute_35\" --use-local-env -ccbin "D:\program file\Visual Studio\VC\bin\x86_amd64" -x cu  -I"C:\Program Files\NVIDIA GPU Computing Toolkit\CUDA\v10.1\include" -I"C:\Program Files\NVIDIA GPU Computing Toolkit\CUDA\v10.1\include"  -G   --keep-dir x64\Debug -maxrregcount=0  --machine 64 --compile -cudart static  -g   -DWIN32 -DWIN64 -D_DEBUG -D_CONSOLE -D_MBCS -Xcompiler "/EHsc /W3 /nologo /Od /Fdx64\Debug\vc110.pdb  /Zi /RTC1 /MDd " -o x64\Debug\sample.cu.obj "D:\work\FFT\FFT_withtextture_change_share\FFT_withtextture_change_share\sample.cu"
         
         D:\work\FFT\FFT_withtextture_change_share\FFT_withtextture_change_share>"C:\Program Files\NVIDIA GPU Computing Toolkit\CUDA\v10.1\bin\nvcc.exe" -gencode=arch=compute_35,code=\"sm_35,compute_35\" --use-local-env -ccbin "D:\program file\Visual Studio\VC\bin\x86_amd64" -x cu  -I"C:\Program Files\NVIDIA GPU Computing Toolkit\CUDA\v10.1\include" -I"C:\Program Files\NVIDIA GPU Computing Toolkit\CUDA\v10.1\include"  -G   --keep-dir x64\Debug -maxrregcount=0  --machine 64 --compile -cudart static  -g   -DWIN32 -DWIN64 -D_DEBUG -D_CONSOLE -D_MBCS -Xcompiler "/EHsc /W3 /nologo /Od /Fdx64\Debug\vc110.pdb  /Zi /RTC1 /MDd " -o x64\Debug\sample.cu.obj "D:\work\FFT\FFT_withtextture_change_share\FFT_withtextture_change_share\sample.cu" 
     1>c:\program files\nvidia gpu computing toolkit\cuda\v10.1\include\crt\math_functions.h : warning C4819: 该文件包含不能在当前代码页(936)中表示的字符。请将该文件保存为 Unicode 格式以防止数据丢失
     1>c:\program files\nvidia gpu computing toolkit\cuda\v10.1\include\crt\math_functions.h(825): warning C4819: 该文件包含不能在当前代码页(936)中表示的字符。请将该文件保存为 Unicode 格式以防止数据丢失
     1>c:\program files\nvidia gpu computing toolkit\cuda\v10.1\include\crt\math_functions.h(1760): warning C4819: 该文件包含不能在当前代码页(936)中表示的字符。请将该文件保存为 Unicode 格式以防止数据丢失
     1>c:\program files\nvidia gpu computing toolkit\cuda\v10.1\include\crt\math_functions.h(2622): warning C4819: 该文件包含不能在当前代码页(936)中表示的字符。请将该文件保存为 Unicode 格式以防止数据丢失
     1>c:\program files\nvidia gpu computing toolkit\cuda\v10.1\include\crt\math_functions.h(3461): warning C4819: 该文件包含不能在当前代码页(936)中表示的字符。请将该文件保存为 Unicode 格式以防止数据丢失
     1>c:\program files\nvidia gpu computing toolkit\cuda\v10.1\include\crt\math_functions.h(4404): warning C4819: 该文件包含不能在当前代码页(936)中表示的字符。请将该文件保存为 Unicode 格式以防止数据丢失
     1>c:\program files\nvidia gpu computing toolkit\cuda\v10.1\include\crt\math_functions.h(5302): warning C4819: 该文件包含不能在当前代码页(936)中表示的字符。请将该文件保存为 Unicode 格式以防止数据丢失
     1>c:\program files\nvidia gpu computing toolkit\cuda\v10.1\include\crt\math_functions.h(6213): warning C4819: 该文件包含不能在当前代码页(936)中表示的字符。请将该文件保存为 Unicode 格式以防止数据丢失
     1>c:\program files\nvidia gpu computing toolkit\cuda\v10.1\include\crt\math_functions.h(7094): warning C4819: 该文件包含不能在当前代码页(936)中表示的字符。请将该文件保存为 Unicode 格式以防止数据丢失
     1>c:\program files\nvidia gpu computing toolkit\cuda\v10.1\include\crt\math_functions.h(7893): warning C4819: 该文件包含不能在当前代码页(936)中表示的字符。请将该文件保存为 Unicode 格式以防止数据丢失
     1>c:\program files\nvidia gpu computing toolkit\cuda\v10.1\include\crt/device_functions.h : warning C4819: 该文件包含不能在当前代码页(936)中表示的字符。请将该文件保存为 Unicode 格式以防止数据丢失
     1>c:\program files\nvidia gpu computing toolkit\cuda\v10.1\include\crt/device_functions.h(774): warning C4819: 该文件包含不能在当前代码页(936)中表示的字符。请将该文件保存为 Unicode 格式以防止数据丢失
     1>c:\program files\nvidia gpu computing toolkit\cuda\v10.1\include\crt/device_functions.h(1629): warning C4819: 该文件包含不能在当前代码页(936)中表示的字符。请将该文件保存为 Unicode 格式以防止数据丢失
     1>c:\program files\nvidia gpu computing toolkit\cuda\v10.1\include\crt\device_double_functions.h : warning C4819: 该文件包含不能在当前代码页(936)中表示的字符。请将该文件保存为 Unicode 格式以防止数据丢失
     1>c:\program files\nvidia gpu computing toolkit\cuda\v10.1\include\sm_20_intrinsics.h : warning C4819: 该文件包含不能在当前代码页(936)中表示的字符。请将该文件保存为 Unicode 格式以防止数据丢失
     1>c:\program files\nvidia gpu computing toolkit\cuda\v10.1\include\sm_20_intrinsics.h(926): warning C4819: 该文件包含不能在当前代码页(936)中表示的字符。请将该文件保存为 Unicode 格式以防止数据丢失
     1>D:/work/FFT/FFT_withtextture_change_share/FFT_withtextture_change_share/sample.cu(197): warning : variable "size_x1" was declared but never referenced
         
     1>D:/work/FFT/FFT_withtextture_change_share/FFT_withtextture_change_share/sample.cu(210): warning : variable "t" was set but never used
         
     1>c:\program files\nvidia gpu computing toolkit\cuda\v10.1\include\crt\math_functions.h : warning C4819: 该文件包含不能在当前代码页(936)中表示的字符。请将该文件保存为 Unicode 格式以防止数据丢失
     1>c:\program files\nvidia gpu computing toolkit\cuda\v10.1\include\crt\math_functions.h(825): warning C4819: 该文件包含不能在当前代码页(936)中表示的字符。请将该文件保存为 Unicode 格式以防止数据丢失
     1>c:\program files\nvidia gpu computing toolkit\cuda\v10.1\include\crt\math_functions.h(1760): warning C4819: 该文件包含不能在当前代码页(936)中表示的字符。请将该文件保存为 Unicode 格式以防止数据丢失
     1>c:\program files\nvidia gpu computing toolkit\cuda\v10.1\include\crt\math_functions.h(2622): warning C4819: 该文件包含不能在当前代码页(936)中表示的字符。请将该文件保存为 Unicode 格式以防止数据丢失
     1>c:\program files\nvidia gpu computing toolkit\cuda\v10.1\include\crt\math_functions.h(3461): warning C4819: 该文件包含不能在当前代码页(936)中表示的字符。请将该文件保存为 Unicode 格式以防止数据丢失
     1>c:\program files\nvidia gpu computing toolkit\cuda\v10.1\include\crt\math_functions.h(4404): warning C4819: 该文件包含不能在当前代码页(936)中表示的字符。请将该文件保存为 Unicode 格式以防止数据丢失
     1>c:\program files\nvidia gpu computing toolkit\cuda\v10.1\include\crt\math_functions.h(5302): warning C4819: 该文件包含不能在当前代码页(936)中表示的字符。请将该文件保存为 Unicode 格式以防止数据丢失
     1>c:\program files\nvidia gpu computing toolkit\cuda\v10.1\include\crt\math_functions.h(6213): warning C4819: 该文件包含不能在当前代码页(936)中表示的字符。请将该文件保存为 Unicode 格式以防止数据丢失
     1>c:\program files\nvidia gpu computing toolkit\cuda\v10.1\include\crt\math_functions.h(7094): warning C4819: 该文件包含不能在当前代码页(936)中表示的字符。请将该文件保存为 Unicode 格式以防止数据丢失
     1>c:\program files\nvidia gpu computing toolkit\cuda\v10.1\include\crt\math_functions.h(7893): warning C4819: 该文件包含不能在当前代码页(936)中表示的字符。请将该文件保存为 Unicode 格式以防止数据丢失
     1>c:\program files\nvidia gpu computing toolkit\cuda\v10.1\include\crt/device_functions.h : warning C4819: 该文件包含不能在当前代码页(936)中表示的字符。请将该文件保存为 Unicode 格式以防止数据丢失
     1>c:\program files\nvidia gpu computing toolkit\cuda\v10.1\include\crt/device_functions.h(774): warning C4819: 该文件包含不能在当前代码页(936)中表示的字符。请将该文件保存为 Unicode 格式以防止数据丢失
     1>c:\program files\nvidia gpu computing toolkit\cuda\v10.1\include\crt/device_functions.h(1629): warning C4819: 该文件包含不能在当前代码页(936)中表示的字符。请将该文件保存为 Unicode 格式以防止数据丢失
     1>c:\program files\nvidia gpu computing toolkit\cuda\v10.1\include\crt\device_double_functions.h : warning C4819: 该文件包含不能在当前代码页(936)中表示的字符。请将该文件保存为 Unicode 格式以防止数据丢失
     1>c:\program files\nvidia gpu computing toolkit\cuda\v10.1\include\sm_20_intrinsics.h : warning C4819: 该文件包含不能在当前代码页(936)中表示的字符。请将该文件保存为 Unicode 格式以防止数据丢失
     1>c:\program files\nvidia gpu computing toolkit\cuda\v10.1\include\sm_20_intrinsics.h(926): warning C4819: 该文件包含不能在当前代码页(936)中表示的字符。请将该文件保存为 Unicode 格式以防止数据丢失
     1>CUDACOMPILE : nvcc warning : nvcc support for Microsoft Visual Studio 2013 and earlier has been deprecated and is no longer being maintained
         sample.cu
         support for this version of Microsoft Visual Studio has been deprecated! Only the versions between 2015 and 2019 (inclusive) are supported!
     1>D:/work/FFT/FFT_withtextture_change_share/FFT_withtextture_change_share/sample.cu(212): warning C4244: “=”: 从“double”转换到“int”，可能丢失数据
     1>D:/work/FFT/FFT_withtextture_change_share/FFT_withtextture_change_share/sample.cu(219): warning C4244: “初始化”: 从“double”转换到“int”，可能丢失数据
     1>D:/work/FFT/FFT_withtextture_change_share/FFT_withtextture_change_share/sample.cu(263): warning C4996: 'cudaMemcpyToArray': 被声明为已否决
                 c:\program files\nvidia gpu computing toolkit\cuda\v10.1\include\cuda_runtime_api.h(6598) : 参见“cudaMemcpyToArray”的声明
     1>D:/work/FFT/FFT_withtextture_change_share/FFT_withtextture_change_share/sample.cu(264): warning C4996: 'cudaMemcpyToArray': 被声明为已否决
                 c:\program files\nvidia gpu computing toolkit\cuda\v10.1\include\cuda_runtime_api.h(6598) : 参见“cudaMemcpyToArray”的声明
     1>D:/work/FFT/FFT_withtextture_change_share/FFT_withtextture_change_share/sample.cu(265): warning C4996: 'cudaMemcpyToArray': 被声明为已否决
                 c:\program files\nvidia gpu computing toolkit\cuda\v10.1\include\cuda_runtime_api.h(6598) : 参见“cudaMemcpyToArray”的声明
     1>D:/work/FFT/FFT_withtextture_change_share/FFT_withtextture_change_share/sample.cu(348): warning C4996: 'cudaThreadExit': 被声明为已否决
                 c:\program files\nvidia gpu computing toolkit\cuda\v10.1\include\cuda_runtime_api.h(931) : 参见“cudaThreadExit”的声明
     1>D:/work/FFT/FFT_withtextture_change_share/FFT_withtextture_change_share/sample.cu(197): warning C4101: “size_x1”: 未引用的局部变量
     1>c:\program files\nvidia gpu computing toolkit\cuda\v10.1\include\crt\math_functions.h : warning C4819: 该文件包含不能在当前代码页(936)中表示的字符。请将该文件保存为 Unicode 格式以防止数据丢失
     1>c:\program files\nvidia gpu computing toolkit\cuda\v10.1\include\crt\math_functions.h(825): warning C4819: 该文件包含不能在当前代码页(936)中表示的字符。请将该文件保存为 Unicode 格式以防止数据丢失
     1>c:\program files\nvidia gpu computing toolkit\cuda\v10.1\include\crt\math_functions.h(1760): warning C4819: 该文件包含不能在当前代码页(936)中表示的字符。请将该文件保存为 Unicode 格式以防止数据丢失
     1>c:\program files\nvidia gpu computing toolkit\cuda\v10.1\include\crt\math_functions.h(2622): warning C4819: 该文件包含不能在当前代码页(936)中表示的字符。请将该文件保存为 Unicode 格式以防止数据丢失
     1>c:\program files\nvidia gpu computing toolkit\cuda\v10.1\include\crt\math_functions.h(3461): warning C4819: 该文件包含不能在当前代码页(936)中表示的字符。请将该文件保存为 Unicode 格式以防止数据丢失
     1>c:\program files\nvidia gpu computing toolkit\cuda\v10.1\include\crt\math_functions.h(4404): warning C4819: 该文件包含不能在当前代码页(936)中表示的字符。请将该文件保存为 Unicode 格式以防止数据丢失
     1>c:\program files\nvidia gpu computing toolkit\cuda\v10.1\include\crt\math_functions.h(5302): warning C4819: 该文件包含不能在当前代码页(936)中表示的字符。请将该文件保存为 Unicode 格式以防止数据丢失
     1>c:\program files\nvidia gpu computing toolkit\cuda\v10.1\include\crt\math_functions.h(6213): warning C4819: 该文件包含不能在当前代码页(936)中表示的字符。请将该文件保存为 Unicode 格式以防止数据丢失
     1>c:\program files\nvidia gpu computing toolkit\cuda\v10.1\include\crt\math_functions.h(7094): warning C4819: 该文件包含不能在当前代码页(936)中表示的字符。请将该文件保存为 Unicode 格式以防止数据丢失
     1>c:\program files\nvidia gpu computing toolkit\cuda\v10.1\include\crt\math_functions.h(7893): warning C4819: 该文件包含不能在当前代码页(936)中表示的字符。请将该文件保存为 Unicode 格式以防止数据丢失
     1>已完成生成项目“D:\work\FFT\FFT_withtextture_change_share\FFT_withtextture_change_share\FFT_withtextture_change_share.vcxproj”(CudaBuildCore 个目标)的操作。
     1>Link:
         D:\program file\Visual Studio\VC\bin\x86_amd64\link.exe /ERRORREPORT:PROMPT /OUT:"D:\work\FFT\FFT_withtextture_change_share\x64\Debug\FFT_withtextture_change_share.exe" /INCREMENTAL /NOLOGO /LIBPATH:"C:\Program Files\NVIDIA GPU Computing Toolkit\CUDA\v10.1\lib\x64" cudart_static.lib kernel32.lib user32.lib gdi32.lib winspool.lib comdlg32.lib advapi32.lib shell32.lib ole32.lib oleaut32.lib uuid.lib odbc32.lib odbccp32.lib kernel32.lib user32.lib gdi32.lib winspool.lib comdlg32.lib advapi32.lib shell32.lib ole32.lib oleaut32.lib uuid.lib odbc32.lib odbccp32.lib /MANIFEST /MANIFESTUAC:"level='asInvoker' uiAccess='false'" /manifest:embed /DEBUG /PDB:"D:\work\FFT\FFT_withtextture_change_share\x64\Debug\FFT_withtextture_change_share.pdb" /SUBSYSTEM:CONSOLE /TLBID:1 /DYNAMICBASE /NXCOMPAT /IMPLIB:"D:\work\FFT\FFT_withtextture_change_share\x64\Debug\FFT_withtextture_change_share.lib" /MACHINE:X64 x64\Debug\sample.cu.obj
         FFT_withtextture_change_share.vcxproj -> D:\work\FFT\FFT_withtextture_change_share\x64\Debug\FFT_withtextture_change_share.exe
     1>已完成生成项目“D:\work\FFT\FFT_withtextture_change_share\FFT_withtextture_change_share\FFT_withtextture_change_share.vcxproj”(Build 个目标)的操作。

生成成功。

已用时间 00:00:04.24
